<?xml version="1.0" encoding="UTF-8"?>
<!-- Generated by org.testng.reporters.JUnitReportReporter -->
<testsuite hostname="Nurul" name="com.ebfs.pages.SmokeTest" tests="1" failures="0" timestamp="2 Feb 2016 03:12:38 GMT" time="18.954" errors="0">
  <testcase name="registerNewAccount" time="18.954" classname="com.ebfs.pages.SmokeTest"/>
</testsuite> <!-- com.ebfs.pages.SmokeTest -->
