<?xml version="1.0" encoding="UTF-8"?>
<!-- Generated by org.testng.reporters.JUnitReportReporter -->
<testsuite hostname="Nurul" name="com.ebfs.pages.SmokeTest" tests="1" failures="0" timestamp="10 Feb 2016 06:27:15 GMT" time="7.666" errors="0">
  <testcase name="productQuickView" time="7.666" classname="com.ebfs.pages.SmokeTest"/>
</testsuite> <!-- com.ebfs.pages.SmokeTest -->
